<?xml version="1.0" encoding="UTF-8"?>
<!-- Generated by org.testng.reporters.JUnitReportReporter -->
<testsuite skipped="0" hostname="DESKTOP-57RVCCV" name="NewTest" tests="4" failures="0" timestamp="09 Jan 2018 17:43:07 GMT" time="0.025" errors="0">
  <testcase name="login" time="0.011" classname="NewTest"/>
  <testcase name="lanch" time="0.002" classname="NewTest"/>
  <testcase name="open" time="0.006" classname="NewTest"/>
  <testcase name="close" time="0.006" classname="NewTest"/>
</testsuite> <!-- NewTest -->
