<?xml version="1.0" encoding="UTF-8"?>
<!-- Generated by org.testng.reporters.JUnitReportReporter -->
<testsuite skipped="0" hostname="DESKTOP-57RVCCV" name="testngFramework.Parlleltestexecution" tests="5" failures="0" timestamp="10 Jan 2018 14:23:37 GMT" time="0.028" errors="0">
  <testcase name="test4" time="0.003" classname="testngFramework.Parlleltestexecution"/>
  <testcase name="test1" time="0.014" classname="testngFramework.Parlleltestexecution"/>
  <testcase name="test2" time="0.004" classname="testngFramework.Parlleltestexecution"/>
  <testcase name="test5" time="0.005" classname="testngFramework.Parlleltestexecution"/>
  <testcase name="test3" time="0.002" classname="testngFramework.Parlleltestexecution"/>
</testsuite> <!-- testngFramework.Parlleltestexecution -->
