<?xml version="1.0" encoding="UTF-8"?>
<!-- Generated by org.testng.reporters.JUnitReportReporter -->
<testsuite skipped="0" hostname="DESKTOP-57RVCCV" name="testngFramework.Paramerisetest" tests="1" failures="0" timestamp="10 Jan 2018 13:42:30 GMT" time="22.907" errors="0">
  <testcase name="login" time="22.907" classname="testngFramework.Paramerisetest"/>
</testsuite> <!-- testngFramework.Paramerisetest -->
