<?xml version="1.0" encoding="UTF-8"?>
<!-- Generated by org.testng.reporters.JUnitReportReporter -->
<testsuite skipped="0" hostname="DESKTOP-57RVCCV" name="nagarajuSelenium.screenshort" tests="1" failures="0" timestamp="09 Jan 2018 17:50:24 GMT" time="20.677" errors="0">
  <testcase name="beforeMethod" time="20.677" classname="nagarajuSelenium.screenshort"/>
</testsuite> <!-- nagarajuSelenium.screenshort -->
