<?xml version="1.0" encoding="UTF-8"?>
<!-- Generated by org.testng.reporters.JUnitReportReporter -->
<testsuite skipped="0" hostname="DESKTOP-57RVCCV" name="testngFramework.Groupingtestcase2" tests="2" failures="0" timestamp="11 Jan 2018 13:41:26 GMT" time="0.005" errors="0">
  <testcase name="test1" time="0.003" classname="testngFramework.Groupingtestcase2"/>
  <testcase name="test3" time="0.002" classname="testngFramework.Groupingtestcase2"/>
</testsuite> <!-- testngFramework.Groupingtestcase2 -->
