<?xml version="1.0" encoding="UTF-8"?>
<!-- Generated by org.testng.reporters.JUnitReportReporter -->
<testsuite skipped="0" hostname="DESKTOP-57RVCCV" name="testngFramework.Selectedtestcase" tests="5" failures="0" timestamp="11 Jan 2018 13:10:27 GMT" time="0.020" errors="0">
  <testcase name="test1" time="0.011" classname="testngFramework.Selectedtestcase"/>
  <testcase name="test5" time="0.004" classname="testngFramework.Selectedtestcase"/>
  <testcase name="test3" time="0.002" classname="testngFramework.Selectedtestcase"/>
  <testcase name="test7" time="0.002" classname="testngFramework.Selectedtestcase"/>
  <testcase name="test9" time="0.001" classname="testngFramework.Selectedtestcase"/>
</testsuite> <!-- testngFramework.Selectedtestcase -->
