<?xml version="1.0" encoding="UTF-8"?>
<!-- Generated by org.testng.reporters.JUnitReportReporter -->
<testsuite skipped="0" hostname="DESKTOP-57RVCCV" name="nagarajuSelenium.NewTest1" tests="4" failures="0" timestamp="09 Jan 2018 17:35:07 GMT" time="0.031" errors="0">
  <testcase name="login" time="0.015" classname="nagarajuSelenium.NewTest1"/>
  <testcase name="lanch" time="0.006" classname="nagarajuSelenium.NewTest1"/>
  <testcase name="open" time="0.005" classname="nagarajuSelenium.NewTest1"/>
  <testcase name="close" time="0.005" classname="nagarajuSelenium.NewTest1"/>
</testsuite> <!-- nagarajuSelenium.NewTest1 -->
