<?xml version="1.0" encoding="UTF-8"?>
<!-- Generated by org.testng.reporters.JUnitReportReporter -->
<testsuite skipped="0" hostname="DESKTOP-57RVCCV" name="testngFramework.crossbrowsertesting" tests="2" failures="0" timestamp="10 Jan 2018 15:18:16 GMT" time="77.583" errors="0">
  <testcase name="login" time="31.245" classname="testngFramework.crossbrowsertesting"/>
  <testcase name="login" time="46.338" classname="testngFramework.crossbrowsertesting"/>
</testsuite> <!-- testngFramework.crossbrowsertesting -->
