<?xml version="1.0" encoding="UTF-8"?>
<!-- Generated by org.testng.reporters.JUnitReportReporter -->
<testsuite skipped="0" hostname="DESKTOP-57RVCCV" name="testngFramework.Paralleltestexecution" tests="10" failures="0" timestamp="10 Jan 2018 14:28:20 GMT" time="0.068" errors="0">
  <testcase name="test3" time="0.004" classname="testngFramework.Paralleltestexecution"/>
  <testcase name="test2" time="0.009" classname="testngFramework.Paralleltestexecution"/>
  <testcase name="test1" time="0.014" classname="testngFramework.Paralleltestexecution"/>
  <testcase name="test2" time="0.002" classname="testngFramework.Paralleltestexecution"/>
  <testcase name="test1" time="0.014" classname="testngFramework.Paralleltestexecution"/>
  <testcase name="test4" time="0.002" classname="testngFramework.Paralleltestexecution"/>
  <testcase name="test3" time="0.004" classname="testngFramework.Paralleltestexecution"/>
  <testcase name="test4" time="0.006" classname="testngFramework.Paralleltestexecution"/>
  <testcase name="test5" time="0.010" classname="testngFramework.Paralleltestexecution"/>
  <testcase name="test5" time="0.003" classname="testngFramework.Paralleltestexecution"/>
</testsuite> <!-- testngFramework.Paralleltestexecution -->
