<?xml version="1.0" encoding="UTF-8"?>
<!-- Generated by org.testng.reporters.JUnitReportReporter -->
<testsuite skipped="0" hostname="DESKTOP-57RVCCV" name="testngFramework.Paralleltestexecution2" tests="10" failures="0" timestamp="10 Jan 2018 14:28:20 GMT" time="0.029" errors="0">
  <testcase name="test9" time="0.003" classname="testngFramework.Paralleltestexecution2"/>
  <testcase name="test7" time="0.002" classname="testngFramework.Paralleltestexecution2"/>
  <testcase name="test8" time="0.002" classname="testngFramework.Paralleltestexecution2"/>
  <testcase name="test6" time="0.006" classname="testngFramework.Paralleltestexecution2"/>
  <testcase name="test10" time="0.002" classname="testngFramework.Paralleltestexecution2"/>
  <testcase name="test10" time="0.002" classname="testngFramework.Paralleltestexecution2"/>
  <testcase name="test8" time="0.002" classname="testngFramework.Paralleltestexecution2"/>
  <testcase name="test6" time="0.003" classname="testngFramework.Paralleltestexecution2"/>
  <testcase name="test9" time="0.004" classname="testngFramework.Paralleltestexecution2"/>
  <testcase name="test7" time="0.003" classname="testngFramework.Paralleltestexecution2"/>
</testsuite> <!-- testngFramework.Paralleltestexecution2 -->
