<?xml version="1.0" encoding="UTF-8"?>
<!-- Generated by org.testng.reporters.JUnitReportReporter -->
<testsuite skipped="1" hostname="DESKTOP-57RVCCV" name="testngFramework.prioritytestcase" tests="4" failures="0" timestamp="11 Jan 2018 14:04:22 GMT" time="0.021" errors="0">
  <testcase name="login" time="0.011" classname="testngFramework.prioritytestcase"/>
  <testcase name="open" time="0.005" classname="testngFramework.prioritytestcase"/>
  <testcase name="close" time="0.005" classname="testngFramework.prioritytestcase"/>
  <testcase name="lanch" classname="testngFramework.prioritytestcase">
    <skipped/>
  </testcase> <!-- lanch -->
</testsuite> <!-- testngFramework.prioritytestcase -->
